<?xml version="1.0" encoding="UTF-8"?>
<!-- Generated by org.testng.reporters.JUnitReportReporter -->
<testsuite hostname="DESKTOP-GVI2GB1" failures="0" tests="1" name="ecommerceframeworkbuilding.Invalidlogin" time="4.888" errors="0" timestamp="2025-05-19T21:08:47 NPT" skipped="0">
  <testcase classname="ecommerceframeworkbuilding.Invalidlogin" name="invalidCredentials" time="4.888"/>
</testsuite> <!-- ecommerceframeworkbuilding.Invalidlogin -->
