<?xml version="1.0" encoding="UTF-8"?>
<!-- Generated by org.testng.reporters.JUnitReportReporter -->
<testsuite hostname="DESKTOP-GVI2GB1" failures="0" tests="1" name="ecommerceframeworkbuilding.StandAloneTest" time="6.770" errors="0" timestamp="2025-05-16T20:40:35 NPT" skipped="0">
  <testcase classname="ecommerceframeworkbuilding.StandAloneTest" name="login" time="6.770"/>
</testsuite> <!-- ecommerceframeworkbuilding.StandAloneTest -->
