<?xml version="1.0" encoding="UTF-8"?>
<!-- Generated by org.testng.reporters.JUnitReportReporter -->
<testsuite hostname="DESKTOP-GVI2GB1" failures="0" tests="2" name="ecommerceframeworkbuilding.Base" time="7.872" errors="0" timestamp="2025-05-17T18:49:31 NPT" skipped="0">
  <testcase classname="ecommerceframeworkbuilding.Base" name="launchApplication" time="3.478"/>
  <testcase classname="ecommerceframeworkbuilding.Base" name="initialization" time="4.394"/>
</testsuite> <!-- ecommerceframeworkbuilding.Base -->
