<?xml version="1.0" encoding="UTF-8"?>
<!-- Generated by org.testng.reporters.JUnitReportReporter -->
<testsuite hostname="DESKTOP-GVI2GB1" failures="0" tests="1" name="ecommerceframeworkbuilding.StandAloneTest" time="10.523" errors="0" timestamp="2025-05-17T13:47:27 NPT" skipped="0">
  <testcase classname="ecommerceframeworkbuilding.StandAloneTest" name="login" time="10.523"/>
</testsuite> <!-- ecommerceframeworkbuilding.StandAloneTest -->
